{"contracts\\libraries\\Deposit.sol":{"l":{"24":45,"25":43,"36":45,"38":45,"42":45,"47":43,"58":61,"59":61},"path":"C:\\Projects\\quests\\packages\\hardhat\\contracts\\libraries\\Deposit.sol","s":{"1":45,"2":43,"3":45,"4":45,"5":45,"6":43,"7":61,"8":61},"b":{"1":[45,0],"2":[43,2],"3":[61,0]},"f":{"1":45,"2":45,"3":61},"fnMap":{"1":{"name":"collectFrom","line":19,"loc":{"start":{"line":19,"column":4},"end":{"line":26,"column":4}}},"2":{"name":"collectFrom","line":33,"loc":{"start":{"line":33,"column":4},"end":{"line":53,"column":4}}},"3":{"name":"releaseTo","line":55,"loc":{"start":{"line":55,"column":4},"end":{"line":61,"column":4}}}},"statementMap":{"1":{"start":{"line":24,"column":8},"end":{"line":24,"column":38}},"2":{"start":{"line":25,"column":8},"end":{"line":25,"column":34}},"3":{"start":{"line":36,"column":8},"end":{"line":36,"column":1126}},"4":{"start":{"line":38,"column":12},"end":{"line":38,"column":1207}},"5":{"start":{"line":42,"column":12},"end":{"line":42,"column":1339}},"6":{"start":{"line":47,"column":12},"end":{"line":47,"column":1478}},"7":{"start":{"line":58,"column":8},"end":{"line":58,"column":1744}},"8":{"start":{"line":59,"column":12},"end":{"line":59,"column":66}}},"branchMap":{"1":{"line":36,"type":"if","locations":[{"start":{"line":36,"column":8},"end":{"line":36,"column":8}},{"start":{"line":36,"column":8},"end":{"line":36,"column":8}}]},"2":{"line":42,"type":"if","locations":[{"start":{"line":42,"column":12},"end":{"line":42,"column":12}},{"start":{"line":42,"column":12},"end":{"line":42,"column":12}}]},"3":{"line":58,"type":"if","locations":[{"start":{"line":58,"column":8},"end":{"line":58,"column":8}},{"start":{"line":58,"column":8},"end":{"line":58,"column":8}}]}}},"contracts\\libraries\\IExecutable.sol":{"l":{},"path":"C:\\Projects\\quests\\packages\\hardhat\\contracts\\libraries\\IExecutable.sol","s":{},"b":{},"f":{},"fnMap":{},"statementMap":{},"branchMap":{}},"contracts\\libraries\\Models.sol":{"l":{},"path":"C:\\Projects\\quests\\packages\\hardhat\\contracts\\libraries\\Models.sol","s":{},"b":{},"f":{},"fnMap":{},"statementMap":{},"branchMap":{}},"contracts\\Quest.sol":{"l":{"38":4,"42":4,"52":99,"56":98,"57":98,"58":98,"59":98,"60":98,"61":98,"62":98,"63":98,"64":98,"66":98,"67":98,"68":98,"90":22,"91":21,"93":20,"95":20,"97":12,"98":6,"99":6,"101":6,"104":12,"105":6,"108":6,"112":20,"113":7,"114":7,"120":19,"121":19,"124":18,"126":18,"136":16,"139":15,"140":12,"141":12,"144":15,"147":15,"148":3,"153":15,"163":5,"180":45,"184":44,"188":43,"192":42,"193":41,"194":41,"196":40,"198":39,"199":39,"211":4,"215":3,"216":3,"229":9,"233":8,"237":7,"238":7,"241":6,"243":6,"245":6,"246":6,"253":6,"259":53,"260":18,"261":10,"264":43},"path":"C:\\Projects\\quests\\packages\\hardhat\\contracts\\Quest.sol","s":{"1":4,"2":99,"3":22,"4":21,"5":20,"6":20,"7":12,"8":6,"9":12,"10":6,"11":20,"12":7,"13":7,"14":19,"15":19,"16":18,"17":18,"18":16,"19":15,"20":12,"21":15,"22":15,"23":15,"24":5,"25":45,"26":44,"27":43,"28":42,"29":41,"30":41,"31":40,"32":39,"33":39,"34":4,"35":3,"36":9,"37":8,"38":7,"39":7,"40":6,"41":6,"42":6,"43":6,"44":53,"45":18,"46":10,"47":43},"b":{"1":[4,0],"2":[98,1],"3":[21,1],"4":[20,1],"5":[12,8],"6":[6,6],"7":[6,6],"8":[7,13],"9":[6,1],"10":[19,0],"11":[15,1],"12":[12,3],"13":[3,12],"14":[44,1],"15":[43,1],"16":[22,21],"17":[42,1],"18":[39,3],"19":[41,1],"20":[40,1],"21":[4,0],"22":[3,1],"23":[8,1],"24":[7,1],"25":[3,4],"26":[6,1],"27":[10,8]},"f":{"1":4,"2":99,"3":22,"4":16,"5":5,"6":45,"7":4,"8":9,"9":6,"10":53},"fnMap":{"1":{"name":"OnlyCreator","line":37,"loc":{"start":{"line":37,"column":4},"end":{"line":43,"column":4}}},"2":{"name":"constructor","line":45,"loc":{"start":{"line":45,"column":4},"end":{"line":69,"column":4}}},"3":{"name":"claim","line":84,"loc":{"start":{"line":84,"column":4},"end":{"line":127,"column":4}}},"4":{"name":"recoverFundsAndDeposit","line":135,"loc":{"start":{"line":135,"column":4},"end":{"line":154,"column":4}}},"5":{"name":"canExecute","line":160,"loc":{"start":{"line":160,"column":4},"end":{"line":164,"column":4}}},"6":{"name":"play","line":179,"loc":{"start":{"line":179,"column":4},"end":{"line":200,"column":4}}},"7":{"name":"setWhiteList","line":210,"loc":{"start":{"line":210,"column":4},"end":{"line":217,"column":4}}},"8":{"name":"unplay","line":228,"loc":{"start":{"line":228,"column":4},"end":{"line":247,"column":4}}},"9":{"name":"getPlayers","line":252,"loc":{"start":{"line":252,"column":4},"end":{"line":254,"column":4}}},"10":{"name":"findIndexOfPlayer","line":258,"loc":{"start":{"line":258,"column":4},"end":{"line":265,"column":4}}}},"statementMap":{"1":{"start":{"line":38,"column":8},"end":{"line":38,"column":1464}},"2":{"start":{"line":52,"column":8},"end":{"line":52,"column":1848}},"3":{"start":{"line":90,"column":8},"end":{"line":90,"column":77}},"4":{"start":{"line":91,"column":8},"end":{"line":91,"column":59}},"5":{"start":{"line":93,"column":8},"end":{"line":93,"column":62}},"6":{"start":{"line":95,"column":8},"end":{"line":95,"column":3386}},"7":{"start":{"line":97,"column":12},"end":{"line":97,"column":3496}},"8":{"start":{"line":98,"column":16},"end":{"line":98,"column":73}},"9":{"start":{"line":104,"column":12},"end":{"line":104,"column":3839}},"10":{"start":{"line":105,"column":16},"end":{"line":105,"column":3919}},"11":{"start":{"line":112,"column":8},"end":{"line":112,"column":4099}},"12":{"start":{"line":113,"column":12},"end":{"line":113,"column":56}},"13":{"start":{"line":114,"column":12},"end":{"line":114,"column":4235}},"14":{"start":{"line":120,"column":8},"end":{"line":120,"column":4386}},"15":{"start":{"line":121,"column":12},"end":{"line":121,"column":53}},"16":{"start":{"line":124,"column":8},"end":{"line":124,"column":61}},"17":{"start":{"line":126,"column":8},"end":{"line":126,"column":54}},"18":{"start":{"line":136,"column":8},"end":{"line":136,"column":67}},"19":{"start":{"line":139,"column":8},"end":{"line":139,"column":4983}},"20":{"start":{"line":140,"column":12},"end":{"line":140,"column":48}},"21":{"start":{"line":144,"column":8},"end":{"line":144,"column":62}},"22":{"start":{"line":147,"column":8},"end":{"line":147,"column":5273}},"23":{"start":{"line":153,"column":8},"end":{"line":153,"column":62}},"24":{"start":{"line":163,"column":8},"end":{"line":163,"column":48}},"25":{"start":{"line":180,"column":8},"end":{"line":180,"column":6369}},"26":{"start":{"line":184,"column":8},"end":{"line":184,"column":6505}},"27":{"start":{"line":188,"column":8},"end":{"line":188,"column":6653}},"28":{"start":{"line":192,"column":8},"end":{"line":192,"column":68}},"29":{"start":{"line":193,"column":8},"end":{"line":193,"column":55}},"30":{"start":{"line":194,"column":8},"end":{"line":194,"column":65}},"31":{"start":{"line":196,"column":8},"end":{"line":196,"column":57}},"32":{"start":{"line":198,"column":8},"end":{"line":198,"column":31}},"33":{"start":{"line":199,"column":8},"end":{"line":199,"column":50}},"34":{"start":{"line":211,"column":8},"end":{"line":211,"column":7510}},"35":{"start":{"line":216,"column":8},"end":{"line":216,"column":61}},"36":{"start":{"line":229,"column":8},"end":{"line":229,"column":8121}},"37":{"start":{"line":233,"column":8},"end":{"line":233,"column":8241}},"38":{"start":{"line":237,"column":8},"end":{"line":237,"column":55}},"39":{"start":{"line":238,"column":8},"end":{"line":238,"column":62}},"40":{"start":{"line":243,"column":8},"end":{"line":243,"column":23}},"41":{"start":{"line":245,"column":8},"end":{"line":245,"column":37}},"42":{"start":{"line":246,"column":8},"end":{"line":246,"column":52}},"43":{"start":{"line":253,"column":8},"end":{"line":253,"column":25}},"44":{"start":{"line":259,"column":8},"end":{"line":259,"column":9176}},"45":{"start":{"line":260,"column":12},"end":{"line":260,"column":9243}},"46":{"start":{"line":261,"column":16},"end":{"line":261,"column":32}},"47":{"start":{"line":264,"column":8},"end":{"line":264,"column":17}}},"branchMap":{"1":{"line":38,"type":"if","locations":[{"start":{"line":38,"column":8},"end":{"line":38,"column":8}},{"start":{"line":38,"column":8},"end":{"line":38,"column":8}}]},"2":{"line":52,"type":"if","locations":[{"start":{"line":52,"column":8},"end":{"line":52,"column":8}},{"start":{"line":52,"column":8},"end":{"line":52,"column":8}}]},"3":{"line":90,"type":"if","locations":[{"start":{"line":90,"column":8},"end":{"line":90,"column":8}},{"start":{"line":90,"column":8},"end":{"line":90,"column":8}}]},"4":{"line":91,"type":"if","locations":[{"start":{"line":91,"column":8},"end":{"line":91,"column":8}},{"start":{"line":91,"column":8},"end":{"line":91,"column":8}}]},"5":{"line":95,"type":"if","locations":[{"start":{"line":95,"column":8},"end":{"line":95,"column":8}},{"start":{"line":95,"column":8},"end":{"line":95,"column":8}}]},"6":{"line":97,"type":"if","locations":[{"start":{"line":97,"column":12},"end":{"line":97,"column":12}},{"start":{"line":97,"column":12},"end":{"line":97,"column":12}}]},"7":{"line":104,"type":"if","locations":[{"start":{"line":104,"column":12},"end":{"line":104,"column":12}},{"start":{"line":104,"column":12},"end":{"line":104,"column":12}}]},"8":{"line":112,"type":"if","locations":[{"start":{"line":112,"column":8},"end":{"line":112,"column":8}},{"start":{"line":112,"column":8},"end":{"line":112,"column":8}}]},"9":{"line":114,"type":"if","locations":[{"start":{"line":114,"column":12},"end":{"line":114,"column":12}},{"start":{"line":114,"column":12},"end":{"line":114,"column":12}}]},"10":{"line":120,"type":"if","locations":[{"start":{"line":120,"column":8},"end":{"line":120,"column":8}},{"start":{"line":120,"column":8},"end":{"line":120,"column":8}}]},"11":{"line":136,"type":"if","locations":[{"start":{"line":136,"column":8},"end":{"line":136,"column":8}},{"start":{"line":136,"column":8},"end":{"line":136,"column":8}}]},"12":{"line":139,"type":"if","locations":[{"start":{"line":139,"column":8},"end":{"line":139,"column":8}},{"start":{"line":139,"column":8},"end":{"line":139,"column":8}}]},"13":{"line":147,"type":"if","locations":[{"start":{"line":147,"column":8},"end":{"line":147,"column":8}},{"start":{"line":147,"column":8},"end":{"line":147,"column":8}}]},"14":{"line":180,"type":"if","locations":[{"start":{"line":180,"column":8},"end":{"line":180,"column":8}},{"start":{"line":180,"column":8},"end":{"line":180,"column":8}}]},"15":{"line":184,"type":"if","locations":[{"start":{"line":184,"column":8},"end":{"line":184,"column":8}},{"start":{"line":184,"column":8},"end":{"line":184,"column":8}}]},"16":{"line":185,"type":"cond-expr","locations":[{"start":{"line":185,"column":12},"end":{"line":185,"column":32}},{"start":{"line":185,"column":37},"end":{"line":185,"column":62}}]},"17":{"line":188,"type":"if","locations":[{"start":{"line":188,"column":8},"end":{"line":188,"column":8}},{"start":{"line":188,"column":8},"end":{"line":188,"column":8}}]},"18":{"line":189,"type":"cond-expr","locations":[{"start":{"line":189,"column":12},"end":{"line":189,"column":26}},{"start":{"line":189,"column":31},"end":{"line":189,"column":60}}]},"19":{"line":192,"type":"if","locations":[{"start":{"line":192,"column":8},"end":{"line":192,"column":8}},{"start":{"line":192,"column":8},"end":{"line":192,"column":8}}]},"20":{"line":194,"type":"if","locations":[{"start":{"line":194,"column":8},"end":{"line":194,"column":8}},{"start":{"line":194,"column":8},"end":{"line":194,"column":8}}]},"21":{"line":210,"type":"if","locations":[{"start":{"line":210,"column":62},"end":{"line":210,"column":62}},{"start":{"line":210,"column":62},"end":{"line":210,"column":62}}]},"22":{"line":211,"type":"if","locations":[{"start":{"line":211,"column":8},"end":{"line":211,"column":8}},{"start":{"line":211,"column":8},"end":{"line":211,"column":8}}]},"23":{"line":229,"type":"if","locations":[{"start":{"line":229,"column":8},"end":{"line":229,"column":8}},{"start":{"line":229,"column":8},"end":{"line":229,"column":8}}]},"24":{"line":233,"type":"if","locations":[{"start":{"line":233,"column":8},"end":{"line":233,"column":8}},{"start":{"line":233,"column":8},"end":{"line":233,"column":8}}]},"25":{"line":234,"type":"cond-expr","locations":[{"start":{"line":234,"column":12},"end":{"line":234,"column":32}},{"start":{"line":234,"column":37},"end":{"line":234,"column":62}}]},"26":{"line":238,"type":"if","locations":[{"start":{"line":238,"column":8},"end":{"line":238,"column":8}},{"start":{"line":238,"column":8},"end":{"line":238,"column":8}}]},"27":{"line":260,"type":"if","locations":[{"start":{"line":260,"column":12},"end":{"line":260,"column":12}},{"start":{"line":260,"column":12},"end":{"line":260,"column":12}}]}}},"contracts\\QuestFactory.sol":{"l":{"45":3,"49":36,"50":36,"63":14,"64":14,"77":14,"78":14,"102":5,"119":5,"121":4,"136":4,"147":1},"path":"C:\\Projects\\quests\\packages\\hardhat\\contracts\\QuestFactory.sol","s":{"1":3,"2":36,"3":14,"4":14,"5":5,"6":5,"7":4,"8":4},"b":{"1":[36,0],"2":[14,1],"3":[14,1],"4":[1,1]},"f":{"1":3,"2":36,"3":14,"4":14,"5":5,"6":1},"fnMap":{"1":{"name":"constructor","line":44,"loc":{"start":{"line":44,"column":4},"end":{"line":46,"column":4}}},"2":{"name":"initialize","line":48,"loc":{"start":{"line":48,"column":4},"end":{"line":51,"column":4}}},"3":{"name":"setCreateDeposit","line":62,"loc":{"start":{"line":59,"column":4},"end":{"line":65,"column":4}}},"4":{"name":"setPlayDeposit","line":76,"loc":{"start":{"line":73,"column":4},"end":{"line":79,"column":4}}},"5":{"name":"createQuest","line":93,"loc":{"start":{"line":93,"column":4},"end":{"line":137,"column":4}}},"6":{"name":"setAragonGovernAddress","line":146,"loc":{"start":{"line":144,"column":4},"end":{"line":148,"column":4}}}},"statementMap":{"1":{"start":{"line":45,"column":8},"end":{"line":45,"column":29}},"2":{"start":{"line":49,"column":8},"end":{"line":49,"column":23}},"3":{"start":{"line":64,"column":8},"end":{"line":64,"column":74}},"4":{"start":{"line":78,"column":8},"end":{"line":78,"column":72}},"5":{"start":{"line":102,"column":8},"end":{"line":102,"column":3329}},"6":{"start":{"line":119,"column":8},"end":{"line":119,"column":60}},"7":{"start":{"line":121,"column":8},"end":{"line":121,"column":3983}},"8":{"start":{"line":136,"column":8},"end":{"line":136,"column":29}}},"branchMap":{"1":{"line":48,"type":"if","locations":[{"start":{"line":48,"column":61},"end":{"line":48,"column":61}},{"start":{"line":48,"column":61},"end":{"line":48,"column":61}}]},"2":{"line":62,"type":"if","locations":[{"start":{"line":62,"column":13},"end":{"line":62,"column":13}},{"start":{"line":62,"column":13},"end":{"line":62,"column":13}}]},"3":{"line":76,"type":"if","locations":[{"start":{"line":76,"column":13},"end":{"line":76,"column":13}},{"start":{"line":76,"column":13},"end":{"line":76,"column":13}}]},"4":{"line":146,"type":"if","locations":[{"start":{"line":146,"column":15},"end":{"line":146,"column":15}},{"start":{"line":146,"column":15},"end":{"line":146,"column":15}}]}}}}