{"contracts\\Quest.sol":{"l":{"33":19,"34":19,"35":19,"36":19,"37":19,"41":2,"42":1,"46":1,"50":3,"51":2,"53":2,"54":1,"56":1,"59":2,"61":2},"path":"C:\\Users\\gossm\\Projects\\honeyquests\\packages\\hardhat\\contracts\\Quest.sol","s":{"1":19,"2":19,"3":19,"4":19,"5":19,"6":2,"7":1,"8":1,"9":3,"10":2,"11":2,"12":1,"13":1,"14":1,"15":2,"16":2},"b":{"1":[1,1],"2":[2,1],"3":[2,0],"4":[1,1],"5":[1,0]},"f":{"1":19,"2":2,"3":1,"4":3},"fnMap":{"1":{"name":"constructor","line":26,"loc":{"start":{"line":26,"column":4},"end":{"line":38,"column":4}}},"2":{"name":"recoverUnclaimedFunds","line":40,"loc":{"start":{"line":40,"column":4},"end":{"line":43,"column":4}}},"3":{"name":"recoverNativeTokens","line":45,"loc":{"start":{"line":45,"column":4},"end":{"line":47,"column":4}}},"4":{"name":"claim","line":49,"loc":{"start":{"line":49,"column":4},"end":{"line":62,"column":4}}}},"statementMap":{"1":{"start":{"line":33,"column":8},"end":{"line":33,"column":35}},"2":{"start":{"line":34,"column":8},"end":{"line":34,"column":33}},"3":{"start":{"line":35,"column":8},"end":{"line":35,"column":31}},"4":{"start":{"line":36,"column":8},"end":{"line":36,"column":49}},"5":{"start":{"line":37,"column":8},"end":{"line":37,"column":51}},"6":{"start":{"line":41,"column":8},"end":{"line":41,"column":66}},"7":{"start":{"line":42,"column":8},"end":{"line":42,"column":91}},"8":{"start":{"line":46,"column":8},"end":{"line":46,"column":59}},"9":{"start":{"line":50,"column":8},"end":{"line":50,"column":77}},"10":{"start":{"line":51,"column":8},"end":{"line":51,"column":59}},"11":{"start":{"line":53,"column":8},"end":{"line":53,"column":1675}},"12":{"start":{"line":54,"column":12},"end":{"line":54,"column":53}},"13":{"start":{"line":55,"column":15},"end":{"line":55,"column":1767}},"14":{"start":{"line":56,"column":12},"end":{"line":56,"column":82}},"15":{"start":{"line":59,"column":8},"end":{"line":59,"column":54}},"16":{"start":{"line":61,"column":8},"end":{"line":61,"column":54}}},"branchMap":{"1":{"line":41,"type":"if","locations":[{"start":{"line":41,"column":8},"end":{"line":41,"column":8}},{"start":{"line":41,"column":8},"end":{"line":41,"column":8}}]},"2":{"line":50,"type":"if","locations":[{"start":{"line":50,"column":8},"end":{"line":50,"column":8}},{"start":{"line":50,"column":8},"end":{"line":50,"column":8}}]},"3":{"line":51,"type":"if","locations":[{"start":{"line":51,"column":8},"end":{"line":51,"column":8}},{"start":{"line":51,"column":8},"end":{"line":51,"column":8}}]},"4":{"line":53,"type":"if","locations":[{"start":{"line":53,"column":8},"end":{"line":53,"column":8}},{"start":{"line":53,"column":8},"end":{"line":53,"column":8}}]},"5":{"line":55,"type":"if","locations":[{"start":{"line":55,"column":15},"end":{"line":55,"column":15}},{"start":{"line":55,"column":15},"end":{"line":55,"column":15}}]}}},"contracts\\QuestFactory.sol":{"l":{"15":3,"26":1,"27":1},"path":"C:\\Users\\gossm\\Projects\\honeyquests\\packages\\hardhat\\contracts\\QuestFactory.sol","s":{"1":3,"2":1,"3":1},"b":{},"f":{"1":3,"2":1},"fnMap":{"1":{"name":"constructor","line":14,"loc":{"start":{"line":14,"column":4},"end":{"line":16,"column":4}}},"2":{"name":"createQuest","line":18,"loc":{"start":{"line":18,"column":4},"end":{"line":28,"column":4}}}},"statementMap":{"1":{"start":{"line":15,"column":8},"end":{"line":15,"column":49}},"2":{"start":{"line":26,"column":8},"end":{"line":26,"column":117}},"3":{"start":{"line":27,"column":8},"end":{"line":27,"column":56}}},"branchMap":{}}}